<?xml version="1.0" encoding="UTF-8"?>
<Site BuildName="(empty)"
	BuildStamp="20240923-1326-Experimental"
	Name="dell-g15"
	Generator="ctest-3.30.2"
	CompilerName="/usr/bin/c++"
	CompilerVersion="11.4.0"
	OSName="Linux"
	Hostname="dell-g15"
	OSRelease="6.8.0-40-generic"
	OSVersion="#40~22.04.3-Ubuntu SMP PREEMPT_DYNAMIC Tue Jul 30 17:30:19 UTC 2"
	OSPlatform="x86_64"
	Is64Bits="1"
	VendorString="AuthenticAMD"
	VendorID="Advanced Micro Devices"
	FamilyID="25"
	ModelID="80"
	ProcessorCacheSize="512"
	NumberOfLogicalCPU="16"
	NumberOfPhysicalCPU="8"
	TotalVirtualMemory="2047"
	TotalPhysicalMemory="15333"
	LogicalProcessorsPerPhysical="2"
	ProcessorClockFrequency="4053.5"
	>
	<Testing>
		<StartDateTime>Sep 23 21:29 +08</StartDateTime>
		<StartTestTime>1727098193</StartTestTime>
		<TestList/>
		<EndDateTime>Sep 23 21:29 +08</EndDateTime>
		<EndTestTime>1727098193</EndTestTime>
		<ElapsedMinutes>0</ElapsedMinutes>
	</Testing>
</Site>
