<?xml version="1.0" encoding="UTF-8"?>
<Site BuildName="(empty)"
	BuildStamp="20240529-1252-Experimental"
	Name="labib-Dell-G15-5515"
	Generator="ctest-3.22.1"
	CompilerName="/usr/bin/c++"
	CompilerVersion="11.4.0"
	OSName="Linux"
	Hostname="labib-Dell-G15-5515"
	OSRelease="6.5.0-35-generic"
	OSVersion="#35~22.04.1-Ubuntu SMP PREEMPT_DYNAMIC Tue May  7 09:00:52 UTC 2"
	OSPlatform="x86_64"
	Is64Bits="1"
	VendorString="AuthenticAMD"
	VendorID="Advanced Micro Devices"
	FamilyID="25"
	ModelID="80"
	ProcessorCacheSize="512"
	NumberOfLogicalCPU="16"
	NumberOfPhysicalCPU="8"
	TotalVirtualMemory="2047"
	TotalPhysicalMemory="15325"
	LogicalProcessorsPerPhysical="2"
	ProcessorClockFrequency="3790.78"
	>
	<Testing>
		<StartDateTime>May 29 20:52 +08</StartDateTime>
		<StartTestTime>1716987162</StartTestTime>
		<TestList/>
		<EndDateTime>May 29 20:52 +08</EndDateTime>
		<EndTestTime>1716987162</EndTestTime>
		<ElapsedMinutes>0</ElapsedMinutes>
	</Testing>
</Site>
